#
# A fatal error has been detected by the Java Runtime Environment:
#
#  EXCEPTION_ACCESS_VIOLATION (0xc0000005) at pc=0x00007ffe5dfcb5b6, pid=11376, tid=13800
#
# JRE version: OpenJDK Runtime Environment Temurin-21.0.6+7 (21.0.6+7) (build 21.0.6+7-LTS)
# Java VM: OpenJDK 64-Bit Server VM Temurin-21.0.6+7 (21.0.6+7-LTS, mixed mode, sharing, tiered, compressed oops, compressed class ptrs, g1 gc, windows-amd64)
# Problematic frame:
# C  [awt.dll+0xdb5b6]
#
# No core dump will be written. Minidumps are not enabled by default on client versions of Windows
#
# If you would like to submit a bug report, please visit:
#   https://github.com/adoptium/adoptium-support/issues
# The crash happened outside the Java Virtual Machine in native code.
# See problematic frame for where to report the bug.
#

---------------  S U M M A R Y ------------

Command Line: -ea -agentlib:jdwp=transport=dt_shmem,address=javadebug -Dfile.encoding=UTF-8 bluej.runtime.ExecServer UTF-8

Host: 11th Gen Intel(R) Core(TM) i3-1115G4 @ 3.00GHz, 4 cores, 7G,  Windows 11 , 64 bit Build 26100 (10.0.26100.4768)
Time: Thu Sep  4 19:24:17 2025 Hora estándar de Argentina elapsed time: 44.042169 seconds (0d 0h 0m 44s)

---------------  T H R E A D  ---------------

Current thread (0x0000023ba160b910):  JavaThread "AWT-EventQueue-0"        [_thread_in_native, id=13800, stack(0x000000aec6700000,0x000000aec6800000) (1024K)]

Stack: [0x000000aec6700000,0x000000aec6800000],  sp=0x000000aec67fecd0,  free space=1019k
Native frames: (J=compiled Java code, j=interpreted, Vv=VM code, C=native code)
C  [awt.dll+0xdb5b6]

Java frames: (J=compiled Java code, j=interpreted, Vv=VM code)
j  sun.awt.Win32GraphicsDevice.initNativeScale(I)V+0 java.desktop@21.0.6
j  sun.awt.Win32GraphicsDevice.initScaleFactors()V+60 java.desktop@21.0.6
j  sun.awt.Win32GraphicsDevice.displayChanged()V+16 java.desktop@21.0.6
j  sun.awt.Win32GraphicsEnvironment.displayChanged()V+271 java.desktop@21.0.6
j  sun.awt.windows.WToolkit.lambda$displayChanged$4()V+15 java.desktop@21.0.6
j  sun.awt.windows.WToolkit$$Lambda+0x0000023ba306f818.run()V+0 java.desktop@21.0.6
j  java.awt.event.InvocationEvent.dispatch()V+47 java.desktop@21.0.6
j  java.awt.EventQueue.dispatchEventImpl(Ljava/awt/AWTEvent;Ljava/lang/Object;)V+21 java.desktop@21.0.6
j  java.awt.EventQueue$4.run()Ljava/lang/Void;+32 java.desktop@21.0.6
j  java.awt.EventQueue$4.run()Ljava/lang/Object;+1 java.desktop@21.0.6
j  java.security.AccessController.executePrivileged(Ljava/security/PrivilegedAction;Ljava/security/AccessControlContext;Ljava/lang/Class;)Ljava/lang/Object;+29 java.base@21.0.6
j  java.security.AccessController.doPrivileged(Ljava/security/PrivilegedAction;Ljava/security/AccessControlContext;)Ljava/lang/Object;+13 java.base@21.0.6
j  java.security.ProtectionDomain$JavaSecurityAccessImpl.doIntersectionPrivilege(Ljava/security/PrivilegedAction;Ljava/security/AccessControlContext;Ljava/security/AccessControlContext;)Ljava/lang/Object;+18 java.base@21.0.6
j  java.awt.EventQueue.dispatchEvent(Ljava/awt/AWTEvent;)V+46 java.desktop@21.0.6
j  java.awt.EventDispatchThread.pumpOneEventForFilters(I)V+81 java.desktop@21.0.6
j  java.awt.EventDispatchThread.pumpEventsForFilter(ILjava/awt/Conditional;Ljava/awt/EventFilter;)V+35 java.desktop@21.0.6
j  java.awt.EventDispatchThread.pumpEventsForHierarchy(ILjava/awt/Conditional;Ljava/awt/Component;)V+11 java.desktop@21.0.6
j  java.awt.EventDispatchThread.pumpEvents(ILjava/awt/Conditional;)V+4 java.desktop@21.0.6
j  java.awt.EventDispatchThread.pumpEvents(Ljava/awt/Conditional;)V+3 java.desktop@21.0.6
j  java.awt.EventDispatchThread.run()V+9 java.desktop@21.0.6
v  ~StubRoutines::call_stub 0x0000023b94da10e7

siginfo: EXCEPTION_ACCESS_VIOLATION (0xc0000005), reading address 0x0000010101010151


Registers:
RAX=0x0000010101010101, RBX=0x0000023ba1600750, RCX=0x0000010101010101, RDX=0x0000000000000000
RSP=0x000000aec67fecd0, RBP=0x000000aec67fedb0, RSI=0x0000000000000120, RDI=0x0000000000000000
R8 =0x0000000000000001, R9 =0x000000aec4984000, R10=0x0000023b94db0887, R11=0x0000000000000100
R12=0x0000000000000000, R13=0x0000023be3240fd8, R14=0x000000aec67fedd8, R15=0x0000023ba160b910
RIP=0x00007ffe5dfcb5b6, EFLAGS=0x0000000000010202

XMM[0]=0x0000000000000000 0x0000000000000000
XMM[1]=0x0000000000000000 0x00000000bf800000
XMM[2]=0x0000000000000000 0x0000000000000000
XMM[3]=0x0000000000000000 0x0000000000000000
XMM[4]=0x0000000000000000 0x0000000000000000
XMM[5]=0x0000000000000000 0x0000000000000000
XMM[6]=0x0000000000000000 0x0000000000000000
XMM[7]=0x0000000000000000 0x0000000000000000
XMM[8]=0x0000000000000000 0x0000000000000000
XMM[9]=0x0000000000000000 0x0000000000000000
XMM[10]=0x0000000000000000 0x0000000000000000
XMM[11]=0x0000000000000000 0x0000000000000000
XMM[12]=0x0000000000000000 0x0000000000000000
XMM[13]=0x0000000000000000 0x0000000000000000
XMM[14]=0x0000000000000000 0x0000000000000000
XMM[15]=0x0000000000000000 0x0000000000000000
  MXCSR=0x00001fa0


Register to memory mapping:

RAX=0x0000010101010101 is an unknown value
RBX=0x0000023ba1600750 points into unknown readable memory: 0x0000023ba185d8c0 | c0 d8 85 a1 3b 02 00 00
RCX=0x0000010101010101 is an unknown value
RDX=0x0 is null
RSP=0x000000aec67fecd0 is pointing into the stack for thread: 0x0000023ba160b910
RBP=0x000000aec67fedb0 is pointing into the stack for thread: 0x0000023ba160b910
RSI=0x0000000000000120 is an unknown value
RDI=0x0 is null
R8 =0x0000000000000001 is an unknown value
R9 =0x000000aec4984000 points into unknown readable memory: 0x0000000000000000 | 00 00 00 00 00 00 00 00
R10=0x0000023b94db0887 is at code_begin+1927 in an Interpreter codelet
native method entry point (kind = native)  [0x0000023b94db0100, 0x0000023b94db1438]  4920 bytes
R11=0x0000000000000100 is an unknown value
R12=0x0 is null
R13={method} {0x0000023be3240fe0} 'initNativeScale' '(I)V' in 'sun/awt/Win32GraphicsDevice'
R14=0x000000aec67fedd8 is pointing into the stack for thread: 0x0000023ba160b910
R15=0x0000023ba160b910 is a thread

Top of Stack: (sp=0x000000aec67fecd0)
0x000000aec67fecd0:   0000023ba1600750 0000023b94da95b8
0x000000aec67fece0:   0000000000000120 0000023ba1600750
0x000000aec67fecf0:   0000023ba1600750 00007ffe5dfccdf2
0x000000aec67fed00:   00007ffe5e02a848 0000023be3240fd8
0x000000aec67fed10:   0000000000000000 00007ffe55a8d328
0x000000aec67fed20:   0000023b94da96b9 0000023b94db08b6
0x000000aec67fed30:   0000023be3240fd8 0000023ba160b910
0x000000aec67fed40:   0000000000000120 0000000000000000
0x000000aec67fed50:   000000aec67fedb0 0000000000000001
0x000000aec67fed60:   000000008b5c7e00 000000aec67fed68
0x000000aec67fed70:   0000000000000000 0000000000000005
0x000000aec67fed80:   0000023be3244010 0000000000000000
0x000000aec67fed90:   000000008b501898 0000023be3240fd8
0x000000aec67feda0:   0000000000000000 000000aec67fedd0
0x000000aec67fedb0:   000000aec67fee28 0000023b94da91b4
0x000000aec67fedc0:   0000000000000000 0000023b94dac6f7
0x000000aec67fedd0:   0000000000000000 000000008b502240
0x000000aec67fede0:   000000aec67fede0 0000023be324162c
0x000000aec67fedf0:   0000000000000002 0000023be3244010
0x000000aec67fee00:   0000000000000000 000000008b501898
0x000000aec67fee10:   0000023be3241678 000000aec67fedd0
0x000000aec67fee20:   000000aec67fee38 000000aec67fee88
0x000000aec67fee30:   0000023b94da91b4 000000008b502240
0x000000aec67fee40:   000000aec67fee40 0000023be3242ef0
0x000000aec67fee50:   0000000000000003 0000023be3244010
0x000000aec67fee60:   0000000000000000 000000008b501898
0x000000aec67fee70:   0000023be3242f38 000000aec67fee38
0x000000aec67fee80:   000000aec67feea0 000000aec67feef0
0x000000aec67fee90:   0000023b94da91b4 0000000000000000
0x000000aec67feea0:   000000008b502240 000000aec67feea8
0x000000aec67feeb0:   0000023be3232297 0000000000000008
0x000000aec67feec0:   0000023be3236168 0000000000000000 

Instructions: (pc=0x00007ffe5dfcb5b6)
0x00007ffe5dfcb4b6:   00 68 00 00 00 0f 11 44 24 34 0f 11 44 24 44 0f
0x00007ffe5dfcb4c6:   11 44 24 54 0f 11 44 24 64 0f 11 44 24 74 0f 11
0x00007ffe5dfcb4d6:   84 24 84 00 00 00 89 84 24 94 00 00 00 c7 44 24
0x00007ffe5dfcb4e6:   30 68 00 00 00 48 8d 94 24 a0 00 00 00 48 8b cd
0x00007ffe5dfcb4f6:   ff 15 cc 88 06 00 85 c0 74 40 48 8d 54 24 30 48
0x00007ffe5dfcb506:   8b ce ff 15 ba 88 06 00 85 c0 74 2e 48 8d 54 24
0x00007ffe5dfcb516:   34 48 8d 8c 24 a4 00 00 00 ff 15 eb 83 06 00 85
0x00007ffe5dfcb526:   c0 74 17 48 8d 54 24 44 48 8d 8c 24 b4 00 00 00
0x00007ffe5dfcb536:   ff 15 d4 83 06 00 85 c0 75 11 ff c7 3b 7b 0c 0f
0x00007ffe5dfcb546:   8c 15 ff ff ff 8b 3d 4f be 06 00 48 8b cb e8 b7
0x00007ffe5dfcb556:   c9 f4 ff 90 8b c7 48 8b 8c 24 10 01 00 00 48 33
0x00007ffe5dfcb566:   cc e8 54 02 01 00 4c 8d 9c 24 20 01 00 00 49 8b
0x00007ffe5dfcb576:   5b 18 49 8b 6b 20 49 8b 73 28 49 8b e3 5f c3 cc
0x00007ffe5dfcb586:   cc cc cc cc cc cc cc cc cc cc 48 8b 41 08 48 8b
0x00007ffe5dfcb596:   80 18 0c 00 00 c3 cc cc cc cc 48 8b 41 08 48 05
0x00007ffe5dfcb5a6:   00 04 00 00 c3 cc cc cc cc cc 40 53 48 83 ec 20
0x00007ffe5dfcb5b6:   83 79 50 00 48 8b d9 75 56 48 8b 49 28 4c 8d 44
0x00007ffe5dfcb5c6:   24 38 48 8d 54 24 30 c7 44 24 30 00 00 80 bf c7
0x00007ffe5dfcb5d6:   44 24 38 00 00 80 bf e8 be e1 00 00 f3 0f 10 54
0x00007ffe5dfcb5e6:   24 30 0f 57 c0 0f 2f d0 76 25 f3 0f 10 4c 24 38
0x00007ffe5dfcb5f6:   0f 2f c8 76 1a f3 0f 5e 15 09 a7 02 00 f3 0f 5e
0x00007ffe5dfcb606:   0d 01 a7 02 00 f3 0f 11 53 48 f3 0f 11 4b 4c 48
0x00007ffe5dfcb616:   83 c4 20 5b c3 cc cc cc cc cc 48 89 5c 24 10 48
0x00007ffe5dfcb626:   89 74 24 18 48 89 7c 24 20 41 56 48 83 ec 40 48
0x00007ffe5dfcb636:   8b d9 48 83 79 18 00 75 14 b9 28 04 00 00 e8 97
0x00007ffe5dfcb646:   97 00 00 48 89 43 18 c7 00 28 00 00 00 48 8b 43
0x00007ffe5dfcb656:   18 33 ff 66 89 78 0e 48 8b 4b 28 e8 5a 03 00 00
0x00007ffe5dfcb666:   48 8b f0 ba 01 00 00 00 44 8b c2 48 8b c8 ff 15
0x00007ffe5dfcb676:   b6 7f 06 00 4c 8b f0 89 7c 24 30 48 8b 4b 18 48
0x00007ffe5dfcb686:   89 4c 24 28 48 89 7c 24 20 44 8d 4f 01 45 33 c0
0x00007ffe5dfcb696:   48 8b d0 48 8b ce ff 15 6e 80 06 00 48 8b 53 30
0x00007ffe5dfcb6a6:   48 8b 0b 83 79 04 08 0f 8e 01 02 00 00 f6 42 24 


Stack slot to memory mapping:

stack at sp + 0 slots: 0x0000023ba1600750 points into unknown readable memory: 0x0000023ba185d8c0 | c0 d8 85 a1 3b 02 00 00
stack at sp + 1 slots: 0x0000023b94da95b8 is at code_begin+4408 in an Interpreter codelet
return entry points  [0x0000023b94da8480, 0x0000023b94daa590]  8464 bytes
stack at sp + 2 slots: 0x0000000000000120 is an unknown value
stack at sp + 3 slots: 0x0000023ba1600750 points into unknown readable memory: 0x0000023ba185d8c0 | c0 d8 85 a1 3b 02 00 00
stack at sp + 4 slots: 0x0000023ba1600750 points into unknown readable memory: 0x0000023ba185d8c0 | c0 d8 85 a1 3b 02 00 00
stack at sp + 5 slots: 0x00007ffe5dfccdf2 awt.dll
stack at sp + 6 slots: 0x00007ffe5e02a848 awt.dll
stack at sp + 7 slots: {method} {0x0000023be3240fe0} 'initNativeScale' '(I)V' in 'sun/awt/Win32GraphicsDevice'


---------------  P R O C E S S  ---------------

Threads class SMR info:
_java_thread_list=0x0000023ba1846830, length=20, elements={
0x0000023ba13eaf20, 0x0000023ba13ee790, 0x0000023ba13f69e0, 0x0000023ba13f7520,
0x0000023ba13f9aa0, 0x0000023ba13fb500, 0x0000023ba13fc280, 0x0000023ba13ff470,
0x0000023ba1554d10, 0x0000023ba1569d70, 0x0000023ba15789f0, 0x0000023ba1579070,
0x0000023ba157fa50, 0x0000023ba1845240, 0x0000023ba1850f80, 0x0000023be70040a0,
0x0000023be7004700, 0x0000023b8518f6c0, 0x0000023ba184c0f0, 0x0000023ba160b910
}

Java Threads: ( => current thread )
  0x0000023ba13eaf20 JavaThread "Reference Handler"          daemon [_thread_blocked, id=9876, stack(0x000000aec5500000,0x000000aec5600000) (1024K)]
  0x0000023ba13ee790 JavaThread "Finalizer"                  daemon [_thread_blocked, id=9872, stack(0x000000aec5600000,0x000000aec5700000) (1024K)]
  0x0000023ba13f69e0 JavaThread "Signal Dispatcher"          daemon [_thread_blocked, id=9904, stack(0x000000aec5700000,0x000000aec5800000) (1024K)]
  0x0000023ba13f7520 JavaThread "Attach Listener"            daemon [_thread_blocked, id=9828, stack(0x000000aec5800000,0x000000aec5900000) (1024K)]
  0x0000023ba13f9aa0 JavaThread "Service Thread"             daemon [_thread_blocked, id=9836, stack(0x000000aec5900000,0x000000aec5a00000) (1024K)]
  0x0000023ba13fb500 JavaThread "Monitor Deflation Thread"   daemon [_thread_blocked, id=3548, stack(0x000000aec5a00000,0x000000aec5b00000) (1024K)]
  0x0000023ba13fc280 JavaThread "C2 CompilerThread0"         daemon [_thread_blocked, id=4692, stack(0x000000aec5b00000,0x000000aec5c00000) (1024K)]
  0x0000023ba13ff470 JavaThread "C1 CompilerThread0"         daemon [_thread_blocked, id=4004, stack(0x000000aec5c00000,0x000000aec5d00000) (1024K)]
  0x0000023ba1554d10 JavaThread "JDWP Transport Listener: dt_shmem" daemon [_thread_blocked, id=3572, stack(0x000000aec5d00000,0x000000aec5e00000) (1024K)]
  0x0000023ba1569d70 JavaThread "JDWP Event Helper Thread"   daemon [_thread_blocked, id=12536, stack(0x000000aec5e00000,0x000000aec5f00000) (1024K)]
  0x0000023ba15789f0 JavaThread "JDWP Command Reader"        daemon [_thread_in_native, id=5616, stack(0x000000aec5f00000,0x000000aec6000000) (1024K)]
  0x0000023ba1579070 JavaThread "Notification Thread"        daemon [_thread_blocked, id=12540, stack(0x000000aec6000000,0x000000aec6100000) (1024K)]
  0x0000023ba157fa50 JavaThread "Common-Cleaner"             daemon [_thread_blocked, id=9092, stack(0x000000aec6100000,0x000000aec6200000) (1024K)]
  0x0000023ba1845240 JavaThread "Java2D Disposer"            daemon [_thread_blocked, id=10140, stack(0x000000aec6200000,0x000000aec6300000) (1024K)]
  0x0000023ba1850f80 JavaThread "AWT-Windows"                daemon [_thread_in_native, id=10024, stack(0x000000aec6400000,0x000000aec6500000) (1024K)]
  0x0000023be70040a0 JavaThread "main"                              [_thread_blocked, id=11848, stack(0x000000aec6500000,0x000000aec6600000) (1024K)]
  0x0000023be7004700 JavaThread "BlueJ worker thread"               [_thread_blocked, id=11844, stack(0x000000aec6600000,0x000000aec6700000) (1024K)]
  0x0000023b8518f6c0 JavaThread "DestroyJavaVM"                     [_thread_blocked, id=5144, stack(0x000000aec4d00000,0x000000aec4e00000) (1024K)]
  0x0000023ba184c0f0 JavaThread "AWT-Shutdown"                      [_thread_blocked, id=13744, stack(0x000000aec6300000,0x000000aec6400000) (1024K)]
=>0x0000023ba160b910 JavaThread "AWT-EventQueue-0"                  [_thread_in_native, id=13800, stack(0x000000aec6700000,0x000000aec6800000) (1024K)]
Total: 20

Other Threads:
  0x0000023ba13cc950 VMThread "VM Thread"                           [id=11760, stack(0x000000aec5400000,0x000000aec5500000) (1024K)]
  0x0000023ba13babc0 WatcherThread "VM Periodic Task Thread"        [id=3032, stack(0x000000aec5300000,0x000000aec5400000) (1024K)]
  0x0000023b851db830 WorkerThread "GC Thread#0"                     [id=9204, stack(0x000000aec4e00000,0x000000aec4f00000) (1024K)]
  0x0000023b851ec090 ConcurrentGCThread "G1 Main Marker"            [id=5248, stack(0x000000aec4f00000,0x000000aec5000000) (1024K)]
  0x0000023b851ecb90 WorkerThread "G1 Conc#0"                       [id=5200, stack(0x000000aec5000000,0x000000aec5100000) (1024K)]
  0x0000023b8524e0c0 ConcurrentGCThread "G1 Refine#0"               [id=9800, stack(0x000000aec5100000,0x000000aec5200000) (1024K)]
  0x0000023ba1287c60 ConcurrentGCThread "G1 Service"                [id=11372, stack(0x000000aec5200000,0x000000aec5300000) (1024K)]
Total: 7

Threads with active compile tasks:
Total: 0

VM state: not at safepoint (normal execution)

VM Mutex/Monitor currently owned by a thread: None

Heap address: 0x0000000084000000, size: 1984 MB, Compressed Oops mode: 32-bit

CDS archive(s) mapped at: [0x0000023ba2000000-0x0000023ba2c80000-0x0000023ba2c80000), size 13107200, SharedBaseAddress: 0x0000023ba2000000, ArchiveRelocationMode: 1.
Compressed class space mapped at: 0x0000023ba3000000-0x0000023be3000000, reserved size: 1073741824
Narrow klass base: 0x0000023ba2000000, Narrow klass shift: 0, Narrow klass range: 0x100000000

GC Precious Log:
 CardTable entry size: 512
 Card Set container configuration: InlinePtr #cards 5 size 8 Array Of Cards #cards 12 size 40 Howl #buckets 4 coarsen threshold 1843 Howl Bitmap #cards 512 size 80 coarsen threshold 460 Card regions per heap region 1 cards per card region 2048
 CPUs: 4 total, 4 available
 Memory: 7934M
 Large Page Support: Disabled
 NUMA Support: Disabled
 Compressed Oops: Enabled (32-bit)
 Heap Region Size: 1M
 Heap Min Capacity: 8M
 Heap Initial Capacity: 124M
 Heap Max Capacity: 1984M
 Pre-touch: Disabled
 Parallel Workers: 4
 Concurrent Workers: 1
 Concurrent Refinement Workers: 4
 Periodic GC: Disabled

Heap:
 garbage-first heap   total 126976K, used 6144K [0x0000000084000000, 0x0000000100000000)
  region size 1024K, 7 young (7168K), 0 survivors (0K)
 Metaspace       used 2776K, committed 2880K, reserved 1114112K
  class space    used 256K, committed 320K, reserved 1048576K

Heap Regions: E=young(eden), S=young(survivor), O=old, HS=humongous(starts), HC=humongous(continues), CS=collection set, F=free, TAMS=top-at-mark-start, PB=parsable bottom
|   0|0x0000000084000000, 0x0000000084000000, 0x0000000084100000|  0%| F|  |TAMS 0x0000000084000000| PB 0x0000000084000000| Untracked 
|   1|0x0000000084100000, 0x0000000084100000, 0x0000000084200000|  0%| F|  |TAMS 0x0000000084100000| PB 0x0000000084100000| Untracked 
|   2|0x0000000084200000, 0x0000000084200000, 0x0000000084300000|  0%| F|  |TAMS 0x0000000084200000| PB 0x0000000084200000| Untracked 
|   3|0x0000000084300000, 0x0000000084300000, 0x0000000084400000|  0%| F|  |TAMS 0x0000000084300000| PB 0x0000000084300000| Untracked 
|   4|0x0000000084400000, 0x0000000084400000, 0x0000000084500000|  0%| F|  |TAMS 0x0000000084400000| PB 0x0000000084400000| Untracked 
|   5|0x0000000084500000, 0x0000000084500000, 0x0000000084600000|  0%| F|  |TAMS 0x0000000084500000| PB 0x0000000084500000| Untracked 
|   6|0x0000000084600000, 0x0000000084600000, 0x0000000084700000|  0%| F|  |TAMS 0x0000000084600000| PB 0x0000000084600000| Untracked 
|   7|0x0000000084700000, 0x0000000084700000, 0x0000000084800000|  0%| F|  |TAMS 0x0000000084700000| PB 0x0000000084700000| Untracked 
|   8|0x0000000084800000, 0x0000000084800000, 0x0000000084900000|  0%| F|  |TAMS 0x0000000084800000| PB 0x0000000084800000| Untracked 
|   9|0x0000000084900000, 0x0000000084900000, 0x0000000084a00000|  0%| F|  |TAMS 0x0000000084900000| PB 0x0000000084900000| Untracked 
|  10|0x0000000084a00000, 0x0000000084a00000, 0x0000000084b00000|  0%| F|  |TAMS 0x0000000084a00000| PB 0x0000000084a00000| Untracked 
|  11|0x0000000084b00000, 0x0000000084b00000, 0x0000000084c00000|  0%| F|  |TAMS 0x0000000084b00000| PB 0x0000000084b00000| Untracked 
|  12|0x0000000084c00000, 0x0000000084c00000, 0x0000000084d00000|  0%| F|  |TAMS 0x0000000084c00000| PB 0x0000000084c00000| Untracked 
|  13|0x0000000084d00000, 0x0000000084d00000, 0x0000000084e00000|  0%| F|  |TAMS 0x0000000084d00000| PB 0x0000000084d00000| Untracked 
|  14|0x0000000084e00000, 0x0000000084e00000, 0x0000000084f00000|  0%| F|  |TAMS 0x0000000084e00000| PB 0x0000000084e00000| Untracked 
|  15|0x0000000084f00000, 0x0000000084f00000, 0x0000000085000000|  0%| F|  |TAMS 0x0000000084f00000| PB 0x0000000084f00000| Untracked 
|  16|0x0000000085000000, 0x0000000085000000, 0x0000000085100000|  0%| F|  |TAMS 0x0000000085000000| PB 0x0000000085000000| Untracked 
|  17|0x0000000085100000, 0x0000000085100000, 0x0000000085200000|  0%| F|  |TAMS 0x0000000085100000| PB 0x0000000085100000| Untracked 
|  18|0x0000000085200000, 0x0000000085200000, 0x0000000085300000|  0%| F|  |TAMS 0x0000000085200000| PB 0x0000000085200000| Untracked 
|  19|0x0000000085300000, 0x0000000085300000, 0x0000000085400000|  0%| F|  |TAMS 0x0000000085300000| PB 0x0000000085300000| Untracked 
|  20|0x0000000085400000, 0x0000000085400000, 0x0000000085500000|  0%| F|  |TAMS 0x0000000085400000| PB 0x0000000085400000| Untracked 
|  21|0x0000000085500000, 0x0000000085500000, 0x0000000085600000|  0%| F|  |TAMS 0x0000000085500000| PB 0x0000000085500000| Untracked 
|  22|0x0000000085600000, 0x0000000085600000, 0x0000000085700000|  0%| F|  |TAMS 0x0000000085600000| PB 0x0000000085600000| Untracked 
|  23|0x0000000085700000, 0x0000000085700000, 0x0000000085800000|  0%| F|  |TAMS 0x0000000085700000| PB 0x0000000085700000| Untracked 
|  24|0x0000000085800000, 0x0000000085800000, 0x0000000085900000|  0%| F|  |TAMS 0x0000000085800000| PB 0x0000000085800000| Untracked 
|  25|0x0000000085900000, 0x0000000085900000, 0x0000000085a00000|  0%| F|  |TAMS 0x0000000085900000| PB 0x0000000085900000| Untracked 
|  26|0x0000000085a00000, 0x0000000085a00000, 0x0000000085b00000|  0%| F|  |TAMS 0x0000000085a00000| PB 0x0000000085a00000| Untracked 
|  27|0x0000000085b00000, 0x0000000085b00000, 0x0000000085c00000|  0%| F|  |TAMS 0x0000000085b00000| PB 0x0000000085b00000| Untracked 
|  28|0x0000000085c00000, 0x0000000085c00000, 0x0000000085d00000|  0%| F|  |TAMS 0x0000000085c00000| PB 0x0000000085c00000| Untracked 
|  29|0x0000000085d00000, 0x0000000085d00000, 0x0000000085e00000|  0%| F|  |TAMS 0x0000000085d00000| PB 0x0000000085d00000| Untracked 
|  30|0x0000000085e00000, 0x0000000085e00000, 0x0000000085f00000|  0%| F|  |TAMS 0x0000000085e00000| PB 0x0000000085e00000| Untracked 
|  31|0x0000000085f00000, 0x0000000085f00000, 0x0000000086000000|  0%| F|  |TAMS 0x0000000085f00000| PB 0x0000000085f00000| Untracked 
|  32|0x0000000086000000, 0x0000000086000000, 0x0000000086100000|  0%| F|  |TAMS 0x0000000086000000| PB 0x0000000086000000| Untracked 
|  33|0x0000000086100000, 0x0000000086100000, 0x0000000086200000|  0%| F|  |TAMS 0x0000000086100000| PB 0x0000000086100000| Untracked 
|  34|0x0000000086200000, 0x0000000086200000, 0x0000000086300000|  0%| F|  |TAMS 0x0000000086200000| PB 0x0000000086200000| Untracked 
|  35|0x0000000086300000, 0x0000000086300000, 0x0000000086400000|  0%| F|  |TAMS 0x0000000086300000| PB 0x0000000086300000| Untracked 
|  36|0x0000000086400000, 0x0000000086400000, 0x0000000086500000|  0%| F|  |TAMS 0x0000000086400000| PB 0x0000000086400000| Untracked 
|  37|0x0000000086500000, 0x0000000086500000, 0x0000000086600000|  0%| F|  |TAMS 0x0000000086500000| PB 0x0000000086500000| Untracked 
|  38|0x0000000086600000, 0x0000000086600000, 0x0000000086700000|  0%| F|  |TAMS 0x0000000086600000| PB 0x0000000086600000| Untracked 
|  39|0x0000000086700000, 0x0000000086700000, 0x0000000086800000|  0%| F|  |TAMS 0x0000000086700000| PB 0x0000000086700000| Untracked 
|  40|0x0000000086800000, 0x0000000086800000, 0x0000000086900000|  0%| F|  |TAMS 0x0000000086800000| PB 0x0000000086800000| Untracked 
|  41|0x0000000086900000, 0x0000000086900000, 0x0000000086a00000|  0%| F|  |TAMS 0x0000000086900000| PB 0x0000000086900000| Untracked 
|  42|0x0000000086a00000, 0x0000000086a00000, 0x0000000086b00000|  0%| F|  |TAMS 0x0000000086a00000| PB 0x0000000086a00000| Untracked 
|  43|0x0000000086b00000, 0x0000000086b00000, 0x0000000086c00000|  0%| F|  |TAMS 0x0000000086b00000| PB 0x0000000086b00000| Untracked 
|  44|0x0000000086c00000, 0x0000000086c00000, 0x0000000086d00000|  0%| F|  |TAMS 0x0000000086c00000| PB 0x0000000086c00000| Untracked 
|  45|0x0000000086d00000, 0x0000000086d00000, 0x0000000086e00000|  0%| F|  |TAMS 0x0000000086d00000| PB 0x0000000086d00000| Untracked 
|  46|0x0000000086e00000, 0x0000000086e00000, 0x0000000086f00000|  0%| F|  |TAMS 0x0000000086e00000| PB 0x0000000086e00000| Untracked 
|  47|0x0000000086f00000, 0x0000000086f00000, 0x0000000087000000|  0%| F|  |TAMS 0x0000000086f00000| PB 0x0000000086f00000| Untracked 
|  48|0x0000000087000000, 0x0000000087000000, 0x0000000087100000|  0%| F|  |TAMS 0x0000000087000000| PB 0x0000000087000000| Untracked 
|  49|0x0000000087100000, 0x0000000087100000, 0x0000000087200000|  0%| F|  |TAMS 0x0000000087100000| PB 0x0000000087100000| Untracked 
|  50|0x0000000087200000, 0x0000000087200000, 0x0000000087300000|  0%| F|  |TAMS 0x0000000087200000| PB 0x0000000087200000| Untracked 
|  51|0x0000000087300000, 0x0000000087300000, 0x0000000087400000|  0%| F|  |TAMS 0x0000000087300000| PB 0x0000000087300000| Untracked 
|  52|0x0000000087400000, 0x0000000087400000, 0x0000000087500000|  0%| F|  |TAMS 0x0000000087400000| PB 0x0000000087400000| Untracked 
|  53|0x0000000087500000, 0x0000000087500000, 0x0000000087600000|  0%| F|  |TAMS 0x0000000087500000| PB 0x0000000087500000| Untracked 
|  54|0x0000000087600000, 0x0000000087600000, 0x0000000087700000|  0%| F|  |TAMS 0x0000000087600000| PB 0x0000000087600000| Untracked 
|  55|0x0000000087700000, 0x0000000087700000, 0x0000000087800000|  0%| F|  |TAMS 0x0000000087700000| PB 0x0000000087700000| Untracked 
|  56|0x0000000087800000, 0x0000000087800000, 0x0000000087900000|  0%| F|  |TAMS 0x0000000087800000| PB 0x0000000087800000| Untracked 
|  57|0x0000000087900000, 0x0000000087900000, 0x0000000087a00000|  0%| F|  |TAMS 0x0000000087900000| PB 0x0000000087900000| Untracked 
|  58|0x0000000087a00000, 0x0000000087a00000, 0x0000000087b00000|  0%| F|  |TAMS 0x0000000087a00000| PB 0x0000000087a00000| Untracked 
|  59|0x0000000087b00000, 0x0000000087b00000, 0x0000000087c00000|  0%| F|  |TAMS 0x0000000087b00000| PB 0x0000000087b00000| Untracked 
|  60|0x0000000087c00000, 0x0000000087c00000, 0x0000000087d00000|  0%| F|  |TAMS 0x0000000087c00000| PB 0x0000000087c00000| Untracked 
|  61|0x0000000087d00000, 0x0000000087d00000, 0x0000000087e00000|  0%| F|  |TAMS 0x0000000087d00000| PB 0x0000000087d00000| Untracked 
|  62|0x0000000087e00000, 0x0000000087e00000, 0x0000000087f00000|  0%| F|  |TAMS 0x0000000087e00000| PB 0x0000000087e00000| Untracked 
|  63|0x0000000087f00000, 0x0000000087f00000, 0x0000000088000000|  0%| F|  |TAMS 0x0000000087f00000| PB 0x0000000087f00000| Untracked 
|  64|0x0000000088000000, 0x0000000088000000, 0x0000000088100000|  0%| F|  |TAMS 0x0000000088000000| PB 0x0000000088000000| Untracked 
|  65|0x0000000088100000, 0x0000000088100000, 0x0000000088200000|  0%| F|  |TAMS 0x0000000088100000| PB 0x0000000088100000| Untracked 
|  66|0x0000000088200000, 0x0000000088200000, 0x0000000088300000|  0%| F|  |TAMS 0x0000000088200000| PB 0x0000000088200000| Untracked 
|  67|0x0000000088300000, 0x0000000088300000, 0x0000000088400000|  0%| F|  |TAMS 0x0000000088300000| PB 0x0000000088300000| Untracked 
|  68|0x0000000088400000, 0x0000000088400000, 0x0000000088500000|  0%| F|  |TAMS 0x0000000088400000| PB 0x0000000088400000| Untracked 
|  69|0x0000000088500000, 0x0000000088500000, 0x0000000088600000|  0%| F|  |TAMS 0x0000000088500000| PB 0x0000000088500000| Untracked 
|  70|0x0000000088600000, 0x0000000088600000, 0x0000000088700000|  0%| F|  |TAMS 0x0000000088600000| PB 0x0000000088600000| Untracked 
|  71|0x0000000088700000, 0x0000000088700000, 0x0000000088800000|  0%| F|  |TAMS 0x0000000088700000| PB 0x0000000088700000| Untracked 
|  72|0x0000000088800000, 0x0000000088800000, 0x0000000088900000|  0%| F|  |TAMS 0x0000000088800000| PB 0x0000000088800000| Untracked 
|  73|0x0000000088900000, 0x0000000088900000, 0x0000000088a00000|  0%| F|  |TAMS 0x0000000088900000| PB 0x0000000088900000| Untracked 
|  74|0x0000000088a00000, 0x0000000088a00000, 0x0000000088b00000|  0%| F|  |TAMS 0x0000000088a00000| PB 0x0000000088a00000| Untracked 
|  75|0x0000000088b00000, 0x0000000088b00000, 0x0000000088c00000|  0%| F|  |TAMS 0x0000000088b00000| PB 0x0000000088b00000| Untracked 
|  76|0x0000000088c00000, 0x0000000088c00000, 0x0000000088d00000|  0%| F|  |TAMS 0x0000000088c00000| PB 0x0000000088c00000| Untracked 
|  77|0x0000000088d00000, 0x0000000088d00000, 0x0000000088e00000|  0%| F|  |TAMS 0x0000000088d00000| PB 0x0000000088d00000| Untracked 
|  78|0x0000000088e00000, 0x0000000088e00000, 0x0000000088f00000|  0%| F|  |TAMS 0x0000000088e00000| PB 0x0000000088e00000| Untracked 
|  79|0x0000000088f00000, 0x0000000088f00000, 0x0000000089000000|  0%| F|  |TAMS 0x0000000088f00000| PB 0x0000000088f00000| Untracked 
|  80|0x0000000089000000, 0x0000000089000000, 0x0000000089100000|  0%| F|  |TAMS 0x0000000089000000| PB 0x0000000089000000| Untracked 
|  81|0x0000000089100000, 0x0000000089100000, 0x0000000089200000|  0%| F|  |TAMS 0x0000000089100000| PB 0x0000000089100000| Untracked 
|  82|0x0000000089200000, 0x0000000089200000, 0x0000000089300000|  0%| F|  |TAMS 0x0000000089200000| PB 0x0000000089200000| Untracked 
|  83|0x0000000089300000, 0x0000000089300000, 0x0000000089400000|  0%| F|  |TAMS 0x0000000089300000| PB 0x0000000089300000| Untracked 
|  84|0x0000000089400000, 0x0000000089400000, 0x0000000089500000|  0%| F|  |TAMS 0x0000000089400000| PB 0x0000000089400000| Untracked 
|  85|0x0000000089500000, 0x0000000089500000, 0x0000000089600000|  0%| F|  |TAMS 0x0000000089500000| PB 0x0000000089500000| Untracked 
|  86|0x0000000089600000, 0x0000000089600000, 0x0000000089700000|  0%| F|  |TAMS 0x0000000089600000| PB 0x0000000089600000| Untracked 
|  87|0x0000000089700000, 0x0000000089700000, 0x0000000089800000|  0%| F|  |TAMS 0x0000000089700000| PB 0x0000000089700000| Untracked 
|  88|0x0000000089800000, 0x0000000089800000, 0x0000000089900000|  0%| F|  |TAMS 0x0000000089800000| PB 0x0000000089800000| Untracked 
|  89|0x0000000089900000, 0x0000000089900000, 0x0000000089a00000|  0%| F|  |TAMS 0x0000000089900000| PB 0x0000000089900000| Untracked 
|  90|0x0000000089a00000, 0x0000000089a00000, 0x0000000089b00000|  0%| F|  |TAMS 0x0000000089a00000| PB 0x0000000089a00000| Untracked 
|  91|0x0000000089b00000, 0x0000000089b00000, 0x0000000089c00000|  0%| F|  |TAMS 0x0000000089b00000| PB 0x0000000089b00000| Untracked 
|  92|0x0000000089c00000, 0x0000000089c00000, 0x0000000089d00000|  0%| F|  |TAMS 0x0000000089c00000| PB 0x0000000089c00000| Untracked 
|  93|0x0000000089d00000, 0x0000000089d00000, 0x0000000089e00000|  0%| F|  |TAMS 0x0000000089d00000| PB 0x0000000089d00000| Untracked 
|  94|0x0000000089e00000, 0x0000000089e00000, 0x0000000089f00000|  0%| F|  |TAMS 0x0000000089e00000| PB 0x0000000089e00000| Untracked 
|  95|0x0000000089f00000, 0x0000000089f00000, 0x000000008a000000|  0%| F|  |TAMS 0x0000000089f00000| PB 0x0000000089f00000| Untracked 
|  96|0x000000008a000000, 0x000000008a000000, 0x000000008a100000|  0%| F|  |TAMS 0x000000008a000000| PB 0x000000008a000000| Untracked 
|  97|0x000000008a100000, 0x000000008a100000, 0x000000008a200000|  0%| F|  |TAMS 0x000000008a100000| PB 0x000000008a100000| Untracked 
|  98|0x000000008a200000, 0x000000008a200000, 0x000000008a300000|  0%| F|  |TAMS 0x000000008a200000| PB 0x000000008a200000| Untracked 
|  99|0x000000008a300000, 0x000000008a300000, 0x000000008a400000|  0%| F|  |TAMS 0x000000008a300000| PB 0x000000008a300000| Untracked 
| 100|0x000000008a400000, 0x000000008a400000, 0x000000008a500000|  0%| F|  |TAMS 0x000000008a400000| PB 0x000000008a400000| Untracked 
| 101|0x000000008a500000, 0x000000008a500000, 0x000000008a600000|  0%| F|  |TAMS 0x000000008a500000| PB 0x000000008a500000| Untracked 
| 102|0x000000008a600000, 0x000000008a600000, 0x000000008a700000|  0%| F|  |TAMS 0x000000008a600000| PB 0x000000008a600000| Untracked 
| 103|0x000000008a700000, 0x000000008a700000, 0x000000008a800000|  0%| F|  |TAMS 0x000000008a700000| PB 0x000000008a700000| Untracked 
| 104|0x000000008a800000, 0x000000008a800000, 0x000000008a900000|  0%| F|  |TAMS 0x000000008a800000| PB 0x000000008a800000| Untracked 
| 105|0x000000008a900000, 0x000000008a900000, 0x000000008aa00000|  0%| F|  |TAMS 0x000000008a900000| PB 0x000000008a900000| Untracked 
| 106|0x000000008aa00000, 0x000000008aa00000, 0x000000008ab00000|  0%| F|  |TAMS 0x000000008aa00000| PB 0x000000008aa00000| Untracked 
| 107|0x000000008ab00000, 0x000000008ab00000, 0x000000008ac00000|  0%| F|  |TAMS 0x000000008ab00000| PB 0x000000008ab00000| Untracked 
| 108|0x000000008ac00000, 0x000000008ac00000, 0x000000008ad00000|  0%| F|  |TAMS 0x000000008ac00000| PB 0x000000008ac00000| Untracked 
| 109|0x000000008ad00000, 0x000000008ad00000, 0x000000008ae00000|  0%| F|  |TAMS 0x000000008ad00000| PB 0x000000008ad00000| Untracked 
| 110|0x000000008ae00000, 0x000000008ae00000, 0x000000008af00000|  0%| F|  |TAMS 0x000000008ae00000| PB 0x000000008ae00000| Untracked 
| 111|0x000000008af00000, 0x000000008af00000, 0x000000008b000000|  0%| F|  |TAMS 0x000000008af00000| PB 0x000000008af00000| Untracked 
| 112|0x000000008b000000, 0x000000008b000000, 0x000000008b100000|  0%| F|  |TAMS 0x000000008b000000| PB 0x000000008b000000| Untracked 
| 113|0x000000008b100000, 0x000000008b100000, 0x000000008b200000|  0%| F|  |TAMS 0x000000008b100000| PB 0x000000008b100000| Untracked 
| 114|0x000000008b200000, 0x000000008b200000, 0x000000008b300000|  0%| F|  |TAMS 0x000000008b200000| PB 0x000000008b200000| Untracked 
| 115|0x000000008b300000, 0x000000008b300000, 0x000000008b400000|  0%| F|  |TAMS 0x000000008b300000| PB 0x000000008b300000| Untracked 
| 116|0x000000008b400000, 0x000000008b400000, 0x000000008b500000|  0%| F|  |TAMS 0x000000008b400000| PB 0x000000008b400000| Untracked 
| 117|0x000000008b500000, 0x000000008b600000, 0x000000008b600000|100%| E|  |TAMS 0x000000008b500000| PB 0x000000008b500000| Complete 
| 118|0x000000008b600000, 0x000000008b700000, 0x000000008b700000|100%| E|CS|TAMS 0x000000008b600000| PB 0x000000008b600000| Complete 
| 119|0x000000008b700000, 0x000000008b800000, 0x000000008b800000|100%| E|CS|TAMS 0x000000008b700000| PB 0x000000008b700000| Complete 
| 120|0x000000008b800000, 0x000000008b900000, 0x000000008b900000|100%| E|CS|TAMS 0x000000008b800000| PB 0x000000008b800000| Complete 
| 121|0x000000008b900000, 0x000000008ba00000, 0x000000008ba00000|100%| E|CS|TAMS 0x000000008b900000| PB 0x000000008b900000| Complete 
| 122|0x000000008ba00000, 0x000000008bb00000, 0x000000008bb00000|100%| E|CS|TAMS 0x000000008ba00000| PB 0x000000008ba00000| Complete 
| 123|0x000000008bb00000, 0x000000008bc00000, 0x000000008bc00000|100%| E|CS|TAMS 0x000000008bb00000| PB 0x000000008bb00000| Complete 

Card table byte_map: [0x0000023b9cc50000,0x0000023b9d030000] _byte_map_base: 0x0000023b9c830000

Marking Bits: (CMBitMap*) 0x0000023b851dbf30
 Bits: [0x0000023b9d030000, 0x0000023b9ef30000)

Polling page: 0x0000023b82f80000

Metaspace:

Usage:
  Non-class:      2.46 MB used.
      Class:    256.12 KB used.
       Both:      2.71 MB used.

Virtual space:
  Non-class space:       64.00 MB reserved,       2.50 MB (  4%) committed,  1 nodes.
      Class space:        1.00 GB reserved,     320.00 KB ( <1%) committed,  1 nodes.
             Both:        1.06 GB reserved,       2.81 MB ( <1%) committed. 

Chunk freelists:
   Non-Class:  11.88 MB
       Class:  15.70 MB
        Both:  27.58 MB

MaxMetaspaceSize: unlimited
CompressedClassSpaceSize: 1.00 GB
Initial GC threshold: 21.00 MB
Current GC threshold: 21.00 MB
CDS: on
 - commit_granule_bytes: 65536.
 - commit_granule_words: 8192.
 - virtual_space_node_default_size: 8388608.
 - enlarge_chunks_in_place: 1.
 - use_allocation_guard: 0.


Internal statistics:

num_allocs_failed_limit: 0.
num_arena_births: 90.
num_arena_deaths: 0.
num_vsnodes_births: 2.
num_vsnodes_deaths: 0.
num_space_committed: 45.
num_space_uncommitted: 0.
num_chunks_returned_to_freelist: 0.
num_chunks_taken_from_freelist: 107.
num_chunk_merges: 0.
num_chunk_splits: 69.
num_chunks_enlarged: 32.
num_inconsistent_stats: 0.

CodeHeap 'non-profiled nmethods': size=120000Kb used=153Kb max_used=153Kb free=119846Kb
 bounds [0x0000023b95340000, 0x0000023b955b0000, 0x0000023b9c870000]
CodeHeap 'profiled nmethods': size=120000Kb used=579Kb max_used=579Kb free=119420Kb
 bounds [0x0000023b8d870000, 0x0000023b8dae0000, 0x0000023b94da0000]
CodeHeap 'non-nmethods': size=5760Kb used=1588Kb max_used=1594Kb free=4171Kb
 bounds [0x0000023b94da0000, 0x0000023b95010000, 0x0000023b95340000]
 total_blobs=889 nmethods=405 adapters=389
 compilation: enabled
              stopped_count=0, restarted_count=0
 full_count=0

Compilation events (20 events):
Event: 1.804 Thread 0x0000023ba13ff470  392       3       jdk.internal.org.objectweb.asm.Type::getArgumentsAndReturnSizes (140 bytes)
Event: 1.805 Thread 0x0000023ba13ff470 nmethod 392 0x0000023b8d8f8e90 code [0x0000023b8d8f9260, 0x0000023b8d8fade8]
Event: 1.813 Thread 0x0000023ba13ff470  394       1       java.lang.Class::getModule (5 bytes)
Event: 1.813 Thread 0x0000023ba13ff470 nmethod 394 0x0000023b95365790 code [0x0000023b95365920, 0x0000023b953659e8]
Event: 1.813 Thread 0x0000023ba13ff470  396       3       java.lang.invoke.MemberName::getInvocationType (56 bytes)
Event: 1.813 Thread 0x0000023ba13ff470 nmethod 396 0x0000023b8d8fb910 code [0x0000023b8d8fbb40, 0x0000023b8d8fc3a8]
Event: 1.851 Thread 0x0000023ba13ff470  397       1       java.net.URL::getHost (5 bytes)
Event: 1.851 Thread 0x0000023ba13ff470 nmethod 397 0x0000023b95365a90 code [0x0000023b95365c20, 0x0000023b95365ce8]
Event: 1.851 Thread 0x0000023ba13ff470  398       3       java.lang.String::startsWith (123 bytes)
Event: 1.852 Thread 0x0000023ba13ff470 nmethod 398 0x0000023b8d8fc610 code [0x0000023b8d8fc840, 0x0000023b8d8fcfe8]
Event: 1.852 Thread 0x0000023ba13ff470  399       3       java.lang.String::startsWith (7 bytes)
Event: 1.852 Thread 0x0000023ba13ff470 nmethod 399 0x0000023b8d8fd290 code [0x0000023b8d8fd440, 0x0000023b8d8fd598]
Event: 1.852 Thread 0x0000023ba13ff470  400       3       java.lang.CharacterData::of (136 bytes)
Event: 1.852 Thread 0x0000023ba13ff470 nmethod 400 0x0000023b8d8fd690 code [0x0000023b8d8fd8e0, 0x0000023b8d8fe220]
Event: 28.298 Thread 0x0000023ba13ff470  403       3       java.lang.invoke.MethodHandle::<init> (37 bytes)
Event: 28.298 Thread 0x0000023ba13ff470 nmethod 403 0x0000023b8d8fe490 code [0x0000023b8d8fe6c0, 0x0000023b8d8fec50]
Event: 28.298 Thread 0x0000023ba13ff470  405       3       java.util.concurrent.ConcurrentHashMap$Traverser::advance (188 bytes)
Event: 28.299 Thread 0x0000023ba13ff470 nmethod 405 0x0000023b8d8fef10 code [0x0000023b8d8ff160, 0x0000023b8d8ffcd0]
Event: 28.299 Thread 0x0000023ba13ff470  404       3       java.lang.invoke.LambdaForm::prepare (108 bytes)
Event: 28.299 Thread 0x0000023ba13ff470 nmethod 404 0x0000023b8d8fff90 code [0x0000023b8d9001e0, 0x0000023b8d9009c8]

GC Heap History (0 events):
No events

Dll operation events (7 events):
Event: 0.121 Loaded shared library C:\Program Files\BlueJ\jdk\bin\java.dll
Event: 0.490 Loaded shared library C:\Program Files\BlueJ\jdk\bin\jsvml.dll
Event: 1.071 Loaded shared library C:\Program Files\BlueJ\jdk\bin\net.dll
Event: 1.074 Loaded shared library C:\Program Files\BlueJ\jdk\bin\nio.dll
Event: 1.237 Loaded shared library C:\Program Files\BlueJ\jdk\bin\zip.dll
Event: 1.445 Loaded shared library C:\Program Files\BlueJ\jdk\bin\jimage.dll
Event: 1.643 Loaded shared library C:\Program Files\BlueJ\jdk\bin\awt.dll

Deoptimization events (6 events):
Event: 1.105 Thread 0x0000023b8518f6c0 DEOPT PACKING pc=0x0000023b8d870c4f sp=0x000000aec4dfd8d0
Event: 1.105 Thread 0x0000023b8518f6c0 DEOPT UNPACKING pc=0x0000023b94df88e2 sp=0x000000aec4dfcd48 mode 0
Event: 1.289 Thread 0x0000023b8518f6c0 Uncommon trap: trap_request=0xffffff45 fr.pc=0x0000023b953486a8 relative=0x0000000000000908
Event: 1.289 Thread 0x0000023b8518f6c0 Uncommon trap: reason=unstable_if action=reinterpret pc=0x0000023b953486a8 method=java.util.zip.ZipFile$Source.checkAndAddEntry(II)I @ 50 c2
Event: 1.289 Thread 0x0000023b8518f6c0 DEOPT PACKING pc=0x0000023b953486a8 sp=0x000000aec4dfa430
Event: 1.289 Thread 0x0000023b8518f6c0 DEOPT UNPACKING pc=0x0000023b94df7da2 sp=0x000000aec4dfa3c0 mode 2

Classes loaded (20 events):
Event: 28.299 Loading class java/awt/GraphicsConfiguration done
Event: 28.299 Loading class sun/awt/Win32GraphicsConfig done
Event: 28.299 Loading class java/awt/Rectangle
Event: 28.299 Loading class java/awt/Shape
Event: 28.299 Loading class java/awt/Shape done
Event: 28.299 Loading class java/awt/geom/Rectangle2D
Event: 28.299 Loading class java/awt/geom/RectangularShape
Event: 28.299 Loading class java/awt/geom/RectangularShape done
Event: 28.299 Loading class java/awt/geom/Rectangle2D done
Event: 28.299 Loading class java/awt/Rectangle done
Event: 28.300 Loading class java/util/WeakHashMap$KeyIterator
Event: 28.300 Loading class java/util/WeakHashMap$HashIterator
Event: 28.300 Loading class java/util/WeakHashMap$HashIterator done
Event: 28.300 Loading class java/util/WeakHashMap$KeyIterator done
Event: 29.311 Loading class sun/awt/AppContext$PostShutdownEventRunnable
Event: 29.311 Loading class sun/awt/AppContext$PostShutdownEventRunnable done
Event: 29.311 Loading class sun/awt/AWTAutoShutdown$1
Event: 29.311 Loading class sun/awt/AWTAutoShutdown$1 done
Event: 43.051 Loading class java/util/ArrayList$ListItr
Event: 43.052 Loading class java/util/ArrayList$ListItr done

Classes unloaded (0 events):
No events

Classes redefined (0 events):
No events

Internal exceptions (3 events):
Event: 1.378 Thread 0x0000023b8518f6c0 Exception <a 'java/lang/ClassNotFoundException'{0x000000008b8317a8}: sun/awt/resources/spi/awtProvider> (0x000000008b8317a8) 
thrown [s\src\hotspot\share\classfile\systemDictionary.cpp, line 312]
Event: 1.709 Thread 0x0000023b8518f6c0 Exception <a 'java/io/FileNotFoundException'{0x000000008b895648}> (0x000000008b895648) 
thrown [s\src\hotspot\share\prims\jni.cpp, line 520]
Event: 1.719 Thread 0x0000023b8518f6c0 Exception <a 'java/io/FileNotFoundException'{0x000000008b8c0030}> (0x000000008b8c0030) 
thrown [s\src\hotspot\share\prims\jni.cpp, line 520]

ZGC Phase Switch (0 events):
No events

VM Operations (14 events):
Event: 1.249 Executing VM operation: HandshakeAllThreads (Deoptimize)
Event: 1.249 Executing VM operation: HandshakeAllThreads (Deoptimize) done
Event: 1.347 Executing VM operation: ChangeBreakpoints
Event: 1.347 Executing VM operation: ChangeBreakpoints done
Event: 1.348 Executing VM operation: ChangeBreakpoints
Event: 1.348 Executing VM operation: ChangeBreakpoints done
Event: 1.349 Executing VM operation: ChangeBreakpoints
Event: 1.350 Executing VM operation: ChangeBreakpoints done
Event: 2.369 Executing VM operation: Cleanup
Event: 2.369 Executing VM operation: Cleanup done
Event: 2.820 Executing VM operation: HandshakeAllThreads (Deoptimize)
Event: 2.821 Executing VM operation: HandshakeAllThreads (Deoptimize) done
Event: 28.912 Executing VM operation: Cleanup
Event: 28.912 Executing VM operation: Cleanup done

Memory protections (0 events):
No events

Nmethod flushes (0 events):
No events

Events (20 events):
Event: 0.669 Thread 0x0000023b8518f6c0 Thread added: 0x0000023ba1579070
Event: 0.871 Thread 0x0000023b8518f6c0 Thread added: 0x0000023ba157fa50
Event: 1.801 Thread 0x0000023b8518f6c0 Thread added: 0x0000023ba1845240
Event: 1.803 Thread 0x0000023b8518f6c0 Thread added: 0x0000023ba184c0f0
Event: 1.804 Thread 0x0000023b8518f6c0 Thread added: 0x0000023ba1850f80
Event: 1.814 Thread 0x0000023b8518f6c0 Thread added: 0x0000023be70040a0
Event: 1.814 Thread 0x0000023b8518f6c0 Thread added: 0x0000023be7004700
Event: 1.815 Thread 0x0000023b8518f6c0 Thread exited: 0x0000023b8518f6c0
Event: 1.815 Thread 0x0000023b8518f6c0 Thread added: 0x0000023b8518f6c0
Event: 2.822 Thread 0x0000023ba184c0f0 Thread exited: 0x0000023ba184c0f0
Event: 17.497 Thread 0x0000023ba1850f80 Thread added: 0x0000023ba184c0f0
Event: 18.528 Thread 0x0000023ba184c0f0 Thread exited: 0x0000023ba184c0f0
Event: 21.867 Thread 0x0000023ba1850f80 Thread added: 0x0000023ba184c0f0
Event: 28.233 Thread 0x0000023ba1850f80 Thread added: 0x0000023ba160b910
Event: 29.311 Thread 0x0000023ba160b910 Thread exited: 0x0000023ba160b910
Event: 29.312 Thread 0x0000023ba184c0f0 Thread exited: 0x0000023ba184c0f0
Event: 34.460 Thread 0x0000023ba1850f80 Thread added: 0x0000023ba184c0f0
Event: 38.877 Thread 0x0000023ba184c0f0 Thread exited: 0x0000023ba184c0f0
Event: 42.921 Thread 0x0000023ba1850f80 Thread added: 0x0000023ba184c0f0
Event: 43.017 Thread 0x0000023ba1850f80 Thread added: 0x0000023ba160b910


Dynamic libraries:
0x00007ff7e76d0000 - 0x00007ff7e76de000 	C:\Program Files\BlueJ\jdk\bin\java.exe
0x00007ffecbcc0000 - 0x00007ffecbf27000 	C:\WINDOWS\SYSTEM32\ntdll.dll
0x00007ffeca220000 - 0x00007ffeca2e9000 	C:\WINDOWS\System32\KERNEL32.DLL
0x00007ffec91e0000 - 0x00007ffec95d0000 	C:\WINDOWS\System32\KERNELBASE.dll
0x00007ffec8df0000 - 0x00007ffec8f3b000 	C:\WINDOWS\System32\ucrtbase.dll
0x00007ffeb8900000 - 0x00007ffeb8918000 	C:\Program Files\BlueJ\jdk\bin\jli.dll
0x00007ffecb170000 - 0x00007ffecb335000 	C:\WINDOWS\System32\USER32.dll
0x00007ffec9a20000 - 0x00007ffec9a47000 	C:\WINDOWS\System32\win32u.dll
0x00007ffecaf50000 - 0x00007ffecaf7b000 	C:\WINDOWS\System32\GDI32.dll
0x00007ffec9760000 - 0x00007ffec9898000 	C:\WINDOWS\System32\gdi32full.dll
0x00007ffec9130000 - 0x00007ffec91d3000 	C:\WINDOWS\System32\msvcp_win.dll
0x00007ffeb8920000 - 0x00007ffeb893e000 	C:\Program Files\BlueJ\jdk\bin\VCRUNTIME140.dll
0x00007ffeb84f0000 - 0x00007ffeb878a000 	C:\WINDOWS\WinSxS\amd64_microsoft.windows.common-controls_6595b64144ccf1df_6.0.26100.4768_none_3e0c112ce331287c\COMCTL32.dll
0x00007ffecad00000 - 0x00007ffecada9000 	C:\WINDOWS\System32\msvcrt.dll
0x00007ffec9c20000 - 0x00007ffec9c4f000 	C:\WINDOWS\System32\IMM32.DLL
0x00007ffeb88f0000 - 0x00007ffeb88fc000 	C:\Program Files\BlueJ\jdk\bin\vcruntime140_1.dll
0x00007ffeb5a70000 - 0x00007ffeb5afd000 	C:\Program Files\BlueJ\jdk\bin\msvcp140.dll
0x00007ffe55080000 - 0x00007ffe55e10000 	C:\Program Files\BlueJ\jdk\bin\server\jvm.dll
0x00007ffeca2f0000 - 0x00007ffeca3a4000 	C:\WINDOWS\System32\ADVAPI32.dll
0x00007ffeca160000 - 0x00007ffeca206000 	C:\WINDOWS\System32\sechost.dll
0x00007ffec9a50000 - 0x00007ffec9b68000 	C:\WINDOWS\System32\RPCRT4.dll
0x00007ffec9e30000 - 0x00007ffec9ea4000 	C:\WINDOWS\System32\WS2_32.dll
0x00007ffec8c50000 - 0x00007ffec8cae000 	C:\WINDOWS\SYSTEM32\POWRPROF.dll
0x00007ffeb84b0000 - 0x00007ffeb84e5000 	C:\WINDOWS\SYSTEM32\WINMM.dll
0x00007ffeb8830000 - 0x00007ffeb883b000 	C:\WINDOWS\SYSTEM32\VERSION.dll
0x00007ffec8c30000 - 0x00007ffec8c44000 	C:\WINDOWS\SYSTEM32\UMPDC.dll
0x00007ffec7b10000 - 0x00007ffec7b2b000 	C:\WINDOWS\SYSTEM32\kernel.appcore.dll
0x00007ffeb88e0000 - 0x00007ffeb88ea000 	C:\Program Files\BlueJ\jdk\bin\jimage.dll
0x00007ffec6430000 - 0x00007ffec6671000 	C:\WINDOWS\SYSTEM32\DBGHELP.DLL
0x00007ffecb340000 - 0x00007ffecb6c5000 	C:\WINDOWS\System32\combase.dll
0x00007ffecbb90000 - 0x00007ffecbc70000 	C:\WINDOWS\System32\OLEAUT32.dll
0x00007ffea3760000 - 0x00007ffea37a3000 	C:\WINDOWS\SYSTEM32\dbgcore.DLL
0x00007ffec8f40000 - 0x00007ffec8fd9000 	C:\WINDOWS\System32\bcryptPrimitives.dll
0x00007ffe5d000000 - 0x00007ffe5d03c000 	C:\Program Files\BlueJ\jdk\bin\jdwp.dll
0x00007ffeb88c0000 - 0x00007ffeb88df000 	C:\Program Files\BlueJ\jdk\bin\java.dll
0x00007ffeca5b0000 - 0x00007ffecacfd000 	C:\WINDOWS\System32\SHELL32.dll
0x00007ffec95e0000 - 0x00007ffec9753000 	C:\WINDOWS\System32\wintypes.dll
0x00007ffec6980000 - 0x00007ffec71e0000 	C:\WINDOWS\SYSTEM32\windows.storage.dll
0x00007ffecadb0000 - 0x00007ffecaea5000 	C:\WINDOWS\System32\SHCORE.dll
0x00007ffec9c60000 - 0x00007ffec9cca000 	C:\WINDOWS\System32\shlwapi.dll
0x00007ffec8d10000 - 0x00007ffec8d39000 	C:\WINDOWS\SYSTEM32\profapi.dll
0x00007ffe54fa0000 - 0x00007ffe55077000 	C:\Program Files\BlueJ\jdk\bin\jsvml.dll
0x00007ffe9c8e0000 - 0x00007ffe9c8eb000 	C:\Program Files\BlueJ\jdk\bin\dt_shmem.dll
0x00007ffeb88b0000 - 0x00007ffeb88c0000 	C:\Program Files\BlueJ\jdk\bin\net.dll
0x00007ffec16c0000 - 0x00007ffec17de000 	C:\WINDOWS\SYSTEM32\WINHTTP.dll
0x00007ffec80b0000 - 0x00007ffec811b000 	C:\WINDOWS\system32\mswsock.dll
0x00007ffeb8490000 - 0x00007ffeb84a6000 	C:\Program Files\BlueJ\jdk\bin\nio.dll
0x00007ffe54f80000 - 0x00007ffe54f98000 	C:\Program Files\BlueJ\jdk\bin\zip.dll
0x00007ffe5def0000 - 0x00007ffe5e07e000 	C:\Program Files\BlueJ\jdk\bin\awt.dll
0x00007ffec58f0000 - 0x00007ffec598e000 	C:\WINDOWS\SYSTEM32\apphelp.dll
0x00007ffec5b30000 - 0x00007ffec5bdf000 	C:\WINDOWS\system32\uxtheme.dll
0x00007ffeca3b0000 - 0x00007ffeca511000 	C:\WINDOWS\System32\MSCTF.dll
0x00007ffec9eb0000 - 0x00007ffeca050000 	C:\WINDOWS\System32\ole32.dll
0x00007ffec5f10000 - 0x00007ffec5f45000 	C:\WINDOWS\system32\DWMAPI.DLL
0x00007ffe62110000 - 0x00007ffe62228000 	C:\WINDOWS\system32\opengl32.dll
0x00007ffe620b0000 - 0x00007ffe620dd000 	C:\WINDOWS\SYSTEM32\GLU32.dll
0x00007ffec5c50000 - 0x00007ffec5c9d000 	C:\WINDOWS\SYSTEM32\dxcore.dll

dbghelp: loaded successfully - version: 4.0.5 - missing functions: none
symbol engine: initialized successfully - sym options: 0x614 - pdb path: .;C:\Program Files\BlueJ\jdk\bin;C:\WINDOWS\SYSTEM32;C:\WINDOWS\WinSxS\amd64_microsoft.windows.common-controls_6595b64144ccf1df_6.0.26100.4768_none_3e0c112ce331287c;C:\Program Files\BlueJ\jdk\bin\server

VM Arguments:
jvm_args: -ea -agentlib:jdwp=transport=dt_shmem,address=javadebug -Dfile.encoding=UTF-8 
java_command: bluej.runtime.ExecServer UTF-8
java_class_path (initial): C:\Program Files\BlueJ\lib\bluejcore.jar;C:\Program Files\BlueJ\lib\javafx-base-23.0.2-win.jar;C:\Program Files\BlueJ\lib\javafx-controls-23.0.2-win.jar;C:\Program Files\BlueJ\lib\javafx-fxml-23.0.2-win.jar;C:\Program Files\BlueJ\lib\javafx-graphics-23.0.2-win.jar;C:\Program Files\BlueJ\lib\javafx-media-23.0.2-win.jar;C:\Program Files\BlueJ\lib\javafx-swing-23.0.2-win.jar;C:\Program Files\BlueJ\lib\javafx-web-23.0.2-win.jar;C:\Program Files\BlueJ\lib\junit-4.12.jar;C:\Program Files\BlueJ\lib\junit-jupiter-5.5.2.jar;C:\Program Files\BlueJ\lib\junit-jupiter-api-5.5.2.jar;C:\Program Files\BlueJ\lib\junit-jupiter-engine-5.5.2.jar;C:\Program Files\BlueJ\lib\junit-jupiter-params-5.5.2.jar;C:\Program Files\BlueJ\lib\junit-platform-commons-1.5.2.jar;C:\Program Files\BlueJ\lib\junit-platform-engine-1.5.2.jar;C:\Program Files\BlueJ\lib\junit-platform-launcher-1.5.2.jar;C:\Program Files\BlueJ\lib\junit-platform-suite-api-1.5.2.jar;C:\Program Files\BlueJ\lib\junit-vintage-engine-5.5.2.jar;C:\Program Files\BlueJ\lib\hamcrest-core-1.3.jar;C:\Program Files\BlueJ\lib\opentest4j-1.2.0.jar;C:\Program Files\BlueJ\lib\lang-stride.jar;C:\Program Files\BlueJ\lib\javafx\javafx.base.jar;C:\Program Files\BlueJ\lib\javafx\javafx.controls.jar;C:\Program Files\BlueJ\lib\javafx\javafx.fxml.jar;C:\Program Files\BlueJ\lib\javafx\javafx.graphics.jar;C:\Program Files\BlueJ\lib\javafx\javafx.media.jar;C:\Program Files\BlueJ\lib\javafx\javafx.properties.jar;C:\Program Files\BlueJ\lib\javafx\javafx.swing.jar;C:\Program Files\BlueJ\lib\javafx\javafx.web.jar
Launcher Type: SUN_STANDARD

[Global flags]
     intx CICompilerCount                          = 3                                         {product} {ergonomic}
     uint ConcGCThreads                            = 1                                         {product} {ergonomic}
     uint G1ConcRefinementThreads                  = 4                                         {product} {ergonomic}
   size_t G1HeapRegionSize                         = 1048576                                   {product} {ergonomic}
    uintx GCDrainStackTargetSize                   = 64                                        {product} {ergonomic}
   size_t InitialHeapSize                          = 130023424                                 {product} {ergonomic}
   size_t MarkStackSize                            = 4194304                                   {product} {ergonomic}
   size_t MaxHeapSize                              = 2080374784                                {product} {ergonomic}
   size_t MaxNewSize                               = 1247805440                                {product} {ergonomic}
   size_t MinHeapDeltaBytes                        = 1048576                                   {product} {ergonomic}
   size_t MinHeapSize                              = 8388608                                   {product} {ergonomic}
    uintx NonNMethodCodeHeapSize                   = 5832780                                {pd product} {ergonomic}
    uintx NonProfiledCodeHeapSize                  = 122912730                              {pd product} {ergonomic}
    uintx ProfiledCodeHeapSize                     = 122912730                              {pd product} {ergonomic}
    uintx ReservedCodeCacheSize                    = 251658240                              {pd product} {ergonomic}
     bool SegmentedCodeCache                       = true                                      {product} {ergonomic}
   size_t SoftMaxHeapSize                          = 2080374784                             {manageable} {ergonomic}
     bool UseCompressedOops                        = true                           {product lp64_product} {ergonomic}
     bool UseG1GC                                  = true                                      {product} {ergonomic}
     bool UseLargePagesIndividualAllocation        = false                                  {pd product} {ergonomic}

Logging:
Log output configuration:
 #0: stdout all=warning uptime,level,tags foldmultilines=false
 #1: stderr all=off uptime,level,tags foldmultilines=false

Environment Variables:
PATH=C:\Program Files\Common Files\Oracle\Java\javapath;C:\WINDOWS\system32;C:\WINDOWS;C:\WINDOWS\System32\Wbem;C:\WINDOWS\System32\WindowsPowerShell\v1.0\;C:\WINDOWS\System32\OpenSSH\;C:\Program Files\dotnet\;C:\Users\UsuarioAlegre\AppData\Local\Microsoft\WindowsApps;
USERNAME=UsuarioAlegre
OS=Windows_NT
PROCESSOR_IDENTIFIER=Intel64 Family 6 Model 140 Stepping 1, GenuineIntel
TMP=C:\Users\USUARI~1\AppData\Local\Temp
TEMP=C:\Users\USUARI~1\AppData\Local\Temp




Periodic native trim disabled

---------------  S Y S T E M  ---------------

OS:
 Windows 11 , 64 bit Build 26100 (10.0.26100.4768)
OS uptime: 0 days 0:03 hours
Hyper-V role detected

CPU: total 4 (initial active 4) (2 cores per cpu, 2 threads per core) family 6 model 140 stepping 1 microcode 0x8a, cx8, cmov, fxsr, ht, mmx, 3dnowpref, sse, sse2, sse3, ssse3, sse4.1, sse4.2, popcnt, lzcnt, tsc, tscinvbit, avx, avx2, aes, erms, clmul, bmi1, bmi2, adx, avx512f, avx512dq, avx512cd, avx512bw, avx512vl, sha, fma, vzeroupper, avx512_vpopcntdq, avx512_vpclmulqdq, avx512_vaes, avx512_vnni, clflush, clflushopt, clwb, avx512_vbmi2, avx512_vbmi, hv, rdtscp, rdpid, fsrm, gfni, avx512_bitalg, f16c, cet_ibt, cet_ss, avx512_ifma
Processor Information for the first 4 processors :
  Max Mhz: 2995, Current Mhz: 2995, Mhz Limit: 2995

Memory: 4k page, system-wide physical 7934M (2497M free)
TotalPageFile size 12798M (AvailPageFile size 7375M)
current process WorkingSet (physical memory assigned to process): 49M, peak: 49M
current process commit charge ("private bytes"): 202M, peak: 202M

vm_info: OpenJDK 64-Bit Server VM (21.0.6+7-LTS) for windows-amd64 JRE (21.0.6+7-LTS), built on 2025-01-21T00:00:00Z by "admin" with MS VC++ 17.7 (VS2022)

END.
